0 info it worked if it ends with ok
1 verbose cli [ 'node', '/usr/local/bin/npm', 'install', 'coffee-script', '-g' ]
2 info using npm@1.1.36
3 info using node@v0.8.9
4 verbose config file /Users/runaway/.npmrc
5 verbose config file /usr/local/etc/npmrc
6 verbose config file /usr/local/lib/node_modules/npm/npmrc
7 verbose read json /usr/local/lib/package.json
8 verbose read json /usr/local/lib/package.json
9 verbose cache add [ 'coffee-script', null ]
10 silly cache add name=undefined spec="coffee-script" args=["coffee-script",null]
11 verbose parsed url { pathname: 'coffee-script',
11 verbose parsed url   path: 'coffee-script',
11 verbose parsed url   href: 'coffee-script' }
12 silly lockFile ab358269-coffee-script coffee-script
13 verbose lock coffee-script /Users/runaway/.npm/ab358269-coffee-script.lock
14 silly lockFile ab358269-coffee-script coffee-script
15 verbose addNamed [ 'coffee-script', '' ]
16 verbose addNamed [ null, '' ]
17 silly lockFile 53951495-coffee-script coffee-script@
18 verbose lock coffee-script@ /Users/runaway/.npm/53951495-coffee-script.lock
19 silly addNameRange { name: 'coffee-script', range: '', hasData: false }
20 verbose url raw coffee-script
21 verbose url resolving [ 'https://registry.npmjs.org/', './coffee-script' ]
22 verbose url resolved https://registry.npmjs.org/coffee-script
23 info retry registry request attempt 1 at 12:56:46
24 verbose etag "ES3SNJJG9CXPB6XEIRPAT2G3G"
25 http GET https://registry.npmjs.org/coffee-script
26 http 200 https://registry.npmjs.org/coffee-script
27 silly registry.get cb [ 200,
27 silly registry.get   { vary: 'Accept',
27 silly registry.get     server: 'CouchDB/1.2.0 (Erlang OTP/R15B)',
27 silly registry.get     etag: '"ESZQCOM8YM1Y9HYG857TA69QC"',
27 silly registry.get     date: 'Sat, 27 Oct 2012 04:53:57 GMT',
27 silly registry.get     'content-type': 'application/json',
27 silly registry.get     'content-length': '21186' } ]
28 silly addNameRange number 2 { name: 'coffee-script', range: '', hasData: true }
29 silly addNameRange versions [ 'coffee-script',
29 silly addNameRange   [ '0.7.0',
29 silly addNameRange     '0.7.1',
29 silly addNameRange     '0.7.2',
29 silly addNameRange     '0.9.0',
29 silly addNameRange     '0.9.1',
29 silly addNameRange     '0.9.2',
29 silly addNameRange     '0.9.3',
29 silly addNameRange     '0.9.4',
29 silly addNameRange     '0.9.5',
29 silly addNameRange     '0.9.6',
29 silly addNameRange     '1.0.0',
29 silly addNameRange     '1.0.1',
29 silly addNameRange     '1.1.0',
29 silly addNameRange     '1.1.1',
29 silly addNameRange     '1.1.2',
29 silly addNameRange     '1.1.3',
29 silly addNameRange     '1.2.0',
29 silly addNameRange     '1.3.0',
29 silly addNameRange     '1.3.1',
29 silly addNameRange     '1.3.2',
29 silly addNameRange     '1.3.3',
29 silly addNameRange     '1.4.0' ] ]
30 verbose addNamed [ 'coffee-script', '1.4.0' ]
31 verbose addNamed [ '1.4.0', '1.4.0' ]
32 silly lockFile 0c6dfe35-coffee-script-1-4-0 coffee-script@1.4.0
33 verbose lock coffee-script@1.4.0 /Users/runaway/.npm/0c6dfe35-coffee-script-1-4-0.lock
34 silly lockFile 621dbbe5-e-script-coffee-script-1-4-0-tgz https://registry.npmjs.org/coffee-script/-/coffee-script-1.4.0.tgz
35 verbose lock https://registry.npmjs.org/coffee-script/-/coffee-script-1.4.0.tgz /Users/runaway/.npm/621dbbe5-e-script-coffee-script-1-4-0-tgz.lock
36 verbose addRemoteTarball [ 'https://registry.npmjs.org/coffee-script/-/coffee-script-1.4.0.tgz',
36 verbose addRemoteTarball   '5e3bc8aac26c01a8e27bf107722c5655f5ad7d36' ]
37 info retry fetch attempt 1 at 12:56:48
38 verbose fetch to= /Users/runaway/tmp/npm-69804/1351313808150-0.9179137872997671/tmp.tgz
39 http GET https://registry.npmjs.org/coffee-script/-/coffee-script-1.4.0.tgz
40 http 200 https://registry.npmjs.org/coffee-script/-/coffee-script-1.4.0.tgz
41 silly shasum updated bytes 40960
42 silly shasum updated bytes 27314
43 info shasum 5e3bc8aac26c01a8e27bf107722c5655f5ad7d36
43 info shasum /Users/runaway/tmp/npm-69804/1351313808150-0.9179137872997671/tmp.tgz
44 verbose tar unpack /Users/runaway/tmp/npm-69804/1351313808150-0.9179137872997671/tmp.tgz
45 silly lockFile 64c1b3a0-08150-0-9179137872997671-package /Users/runaway/tmp/npm-69804/1351313808150-0.9179137872997671/package
46 verbose lock /Users/runaway/tmp/npm-69804/1351313808150-0.9179137872997671/package /Users/runaway/.npm/64c1b3a0-08150-0-9179137872997671-package.lock
47 silly gunzTarPerm modes [ '755', '644' ]
48 silly gunzTarPerm extractEntry package.json
49 silly gunzTarPerm extractEntry .npmignore
50 silly gunzTarPerm extractEntry README
51 silly gunzTarPerm extractEntry LICENSE
52 silly gunzTarPerm extractEntry bin/cake
53 silly gunzTarPerm extractEntry bin/coffee
54 silly gunzTarPerm extractEntry CNAME
55 silly gunzTarPerm extractEntry CONTRIBUTING.md
56 silly gunzTarPerm extractEntry extras/jsl.conf
57 silly gunzTarPerm extractEntry lib/coffee-script/browser.js
58 silly gunzTarPerm extractEntry lib/coffee-script/command.js
59 silly gunzTarPerm extractEntry lib/coffee-script/grammar.js
60 silly gunzTarPerm extractEntry lib/coffee-script/helpers.js
61 silly gunzTarPerm extractEntry lib/coffee-script/index.js
62 silly gunzTarPerm extractEntry lib/coffee-script/coffee-script.js
63 silly gunzTarPerm extractEntry lib/coffee-script/nodes.js
64 silly gunzTarPerm extractEntry lib/coffee-script/optparse.js
65 silly gunzTarPerm extractEntry lib/coffee-script/parser.js
66 silly gunzTarPerm extractEntry lib/coffee-script/repl.js
67 silly gunzTarPerm extractEntry lib/coffee-script/rewriter.js
68 silly gunzTarPerm extractEntry lib/coffee-script/cake.js
69 silly gunzTarPerm extractEntry lib/coffee-script/scope.js
70 silly gunzTarPerm extractEntry lib/coffee-script/lexer.js
71 silly gunzTarPerm extractEntry Rakefile
72 verbose read json /Users/runaway/tmp/npm-69804/1351313808150-0.9179137872997671/package/package.json
73 silly lockFile 64c1b3a0-08150-0-9179137872997671-package /Users/runaway/tmp/npm-69804/1351313808150-0.9179137872997671/package
74 verbose from cache /Users/runaway/tmp/npm-69804/1351313808150-0.9179137872997671/package/package.json
75 verbose tar pack [ '/Users/runaway/.npm/coffee-script/1.4.0/package.tgz',
75 verbose tar pack   '/Users/runaway/tmp/npm-69804/1351313808150-0.9179137872997671/package' ]
76 verbose tarball /Users/runaway/.npm/coffee-script/1.4.0/package.tgz
77 verbose folder /Users/runaway/tmp/npm-69804/1351313808150-0.9179137872997671/package
78 silly lockFile 0de5dfa5--coffee-script-1-4-0-package-tgz /Users/runaway/.npm/coffee-script/1.4.0/package.tgz
79 verbose lock /Users/runaway/.npm/coffee-script/1.4.0/package.tgz /Users/runaway/.npm/0de5dfa5--coffee-script-1-4-0-package-tgz.lock
80 silly lockFile 0de5dfa5--coffee-script-1-4-0-package-tgz /Users/runaway/.npm/coffee-script/1.4.0/package.tgz
81 silly lockFile 2958b986--npm-coffee-script-1-4-0-package /Users/runaway/.npm/coffee-script/1.4.0/package
82 verbose lock /Users/runaway/.npm/coffee-script/1.4.0/package /Users/runaway/.npm/2958b986--npm-coffee-script-1-4-0-package.lock
83 silly lockFile 2958b986--npm-coffee-script-1-4-0-package /Users/runaway/.npm/coffee-script/1.4.0/package
84 verbose tar unpack /Users/runaway/.npm/coffee-script/1.4.0/package.tgz
85 silly lockFile 2958b986--npm-coffee-script-1-4-0-package /Users/runaway/.npm/coffee-script/1.4.0/package
86 verbose lock /Users/runaway/.npm/coffee-script/1.4.0/package /Users/runaway/.npm/2958b986--npm-coffee-script-1-4-0-package.lock
87 silly gunzTarPerm modes [ '755', '644' ]
88 silly gunzTarPerm extractEntry package.json
89 silly gunzTarPerm extractEntry .npmignore
90 silly gunzTarPerm extractEntry README
91 silly gunzTarPerm extractEntry LICENSE
92 silly gunzTarPerm extractEntry bin/cake
93 silly gunzTarPerm extractEntry bin/coffee
94 silly gunzTarPerm extractEntry CNAME
95 silly gunzTarPerm extractEntry CONTRIBUTING.md
96 silly gunzTarPerm extractEntry extras/jsl.conf
97 silly gunzTarPerm extractEntry lib/coffee-script/browser.js
98 silly gunzTarPerm extractEntry lib/coffee-script/command.js
99 silly gunzTarPerm extractEntry lib/coffee-script/grammar.js
100 silly gunzTarPerm extractEntry lib/coffee-script/helpers.js
101 silly gunzTarPerm extractEntry lib/coffee-script/index.js
102 silly gunzTarPerm extractEntry lib/coffee-script/coffee-script.js
103 silly gunzTarPerm extractEntry lib/coffee-script/nodes.js
104 silly gunzTarPerm extractEntry lib/coffee-script/optparse.js
105 silly gunzTarPerm extractEntry lib/coffee-script/parser.js
106 silly gunzTarPerm extractEntry lib/coffee-script/repl.js
107 silly gunzTarPerm extractEntry lib/coffee-script/rewriter.js
108 silly gunzTarPerm extractEntry lib/coffee-script/cake.js
109 silly gunzTarPerm extractEntry lib/coffee-script/scope.js
110 silly gunzTarPerm extractEntry lib/coffee-script/lexer.js
111 silly gunzTarPerm extractEntry Rakefile
112 verbose read json /Users/runaway/.npm/coffee-script/1.4.0/package/package.json
113 silly lockFile 2958b986--npm-coffee-script-1-4-0-package /Users/runaway/.npm/coffee-script/1.4.0/package
114 silly shasum updated bytes 40960
115 silly shasum updated bytes 27314
116 info shasum 5e3bc8aac26c01a8e27bf107722c5655f5ad7d36
116 info shasum /Users/runaway/.npm/coffee-script/1.4.0/package.tgz
117 verbose from cache /Users/runaway/.npm/coffee-script/1.4.0/package/package.json
118 verbose chmod /Users/runaway/.npm/coffee-script/1.4.0/package.tgz 644
119 verbose chown /Users/runaway/.npm/coffee-script/1.4.0/package.tgz [ 501, 20 ]
120 silly lockFile 621dbbe5-e-script-coffee-script-1-4-0-tgz https://registry.npmjs.org/coffee-script/-/coffee-script-1.4.0.tgz
121 silly lockFile 0c6dfe35-coffee-script-1-4-0 coffee-script@1.4.0
122 silly lockFile 53951495-coffee-script coffee-script@
123 silly resolved [ { name: 'coffee-script',
123 silly resolved     description: 'Unfancy JavaScript',
123 silly resolved     keywords: [ 'javascript', 'language', 'coffeescript', 'compiler' ],
123 silly resolved     author: { name: 'Jeremy Ashkenas' },
123 silly resolved     version: '1.4.0',
123 silly resolved     licenses: [ [Object] ],
123 silly resolved     engines: { node: '>=0.4.0' },
123 silly resolved     directories: { lib: './lib/coffee-script' },
123 silly resolved     main: './lib/coffee-script/coffee-script',
123 silly resolved     bin: { coffee: './bin/coffee', cake: './bin/cake' },
123 silly resolved     scripts: { test: 'node ./bin/cake test' },
123 silly resolved     homepage: 'http://coffeescript.org',
123 silly resolved     bugs: 'https://github.com/jashkenas/coffee-script/issues',
123 silly resolved     repository:
123 silly resolved      { type: 'git',
123 silly resolved        url: 'git://github.com/jashkenas/coffee-script.git' },
123 silly resolved     devDependencies: { 'uglify-js': '>=1.0.0', jison: '>=0.2.0' },
123 silly resolved     readme: '\n            {\n         }   }   {\n        {   {  }  }\n         }   }{  {\n        {  }{  }  }                    _____       __  __\n       ( }{ }{  { )                   / ____|     / _|/ _|\n     .- { { }  { }} -.               | |     ___ | |_| |_ ___  ___\n    (  ( } { } { } }  )              | |    / _ \\|  _|  _/ _ \\/ _ \\\n    |`-..________ ..-\'|              | |___| (_) | | | ||  __/  __/\n    |                 |               \\_____\\___/|_| |_| \\___|\\___|\n    |                 ;--.\n    |                (__  \\            _____           _       _\n    |                 | )  )          / ____|         (_)     | |\n    |                 |/  /          | (___   ___ _ __ _ _ __ | |_\n    |                 (  /            \\___ \\ / __| \'__| | \'_ \\| __|\n    |                 |/              ____) | (__| |  | | |_) | |_\n    |                 |              |_____/ \\___|_|  |_| .__/ \\__|\n     `-.._________..-\'                                  | |\n                                                        |_|\n\n\n  CoffeeScript is a little language that compiles into JavaScript.\n\n  Install Node.js, and then the CoffeeScript compiler:\n  sudo bin/cake install\n\n  Or, if you have the Node Package Manager installed:\n  npm install -g coffee-script\n  (Leave off the -g if you don\'t wish to install globally.)\n\n  Execute a script:\n  coffee /path/to/script.coffee\n\n  Compile a script:\n  coffee -c /path/to/script.coffee\n\n  For documentation, usage, and examples, see:\n  http://coffeescript.org/\n\n  To suggest a feature, report a bug, or general discussion:\n  http://github.com/jashkenas/coffee-script/issues/\n\n  If you\'d like to chat, drop by #coffeescript on Freenode IRC,\n  or on webchat.freenode.net.\n\n  The source repository:\n  git://github.com/jashkenas/coffee-script.git\n\n  All contributors are listed here:\n  http://github.com/jashkenas/coffee-script/contributors\n',
123 silly resolved     _id: 'coffee-script@1.4.0',
123 silly resolved     dist: { shasum: '5e3bc8aac26c01a8e27bf107722c5655f5ad7d36' },
123 silly resolved     _from: 'coffee-script' } ]
124 info install coffee-script@1.4.0 into /usr/local/lib
125 info installOne coffee-script@1.4.0
126 verbose from cache /Users/runaway/.npm/coffee-script/1.4.0/package/package.json
127 info /usr/local/lib/node_modules/coffee-script unbuild
128 verbose read json /usr/local/lib/node_modules/coffee-script/package.json
129 info preuninstall coffee-script@1.1.2
130 info uninstall coffee-script@1.1.2
131 verbose true,/usr/local/lib/node_modules,/usr/local/lib/node_modules unbuild coffee-script@1.1.2
132 verbose /usr/local/bin,[object Object] binRoot
133 info /usr/local/lib/node_modules/coffee-script unbuild
134 verbose read json /usr/local/lib/node_modules/coffee-script/package.json
135 info preuninstall coffee-script@1.1.2
136 info uninstall coffee-script@1.1.2
137 verbose true,/usr/local/lib/node_modules,/usr/local/lib/node_modules unbuild coffee-script@1.1.2
138 verbose /usr/local/bin,[object Object] binRoot
139 error error rolling back Error: Refusing to delete: /usr/local/bin/coffee not in /usr/local/lib/node_modules/coffee-script
139 error error rolling back     at clobberFail (/usr/local/lib/node_modules/npm/lib/utils/gently-rm.js:41:12)
139 error error rolling back     at next (/usr/local/lib/node_modules/npm/lib/utils/gently-rm.js:27:14)
139 error error rolling back     at /usr/local/lib/node_modules/npm/lib/utils/gently-rm.js:36:12
139 error error rolling back     at Object.oncomplete (fs.js:297:15)
139 error error rolling back  coffee-script@1.4.0 { [Error: Refusing to delete: /usr/local/bin/coffee not in /usr/local/lib/node_modules/coffee-script] code: 'EEXIST', path: '/usr/local/bin/coffee' }
140 error Refusing to delete: /usr/local/bin/coffee not in /usr/local/lib/node_modules/coffee-script
File exists: /usr/local/bin/coffee
Move it away, and try again.
141 error System Darwin 11.3.0
142 error command "node" "/usr/local/bin/npm" "install" "coffee-script" "-g"
143 error cwd /Users/runaway/development/GitReponsitroies/BlackMind
144 error node -v v0.8.9
145 error npm -v 1.1.36
146 error path /usr/local/bin/coffee
147 error code EEXIST
148 error message Refusing to delete: /usr/local/bin/coffee not in /usr/local/lib/node_modules/coffee-script
149 verbose exit [ 1, true ]
